Построение начато 03.06.2016 0:29:10.
     1>Проект "C:\Users\asus\Documents\Visual Studio 2010\Projects\Kursovik_win\Kursovik_win\Kursovik_win.vcxproj" в узле 2 (целевые объекты build).
     1>InitializeBuildStatus:
         Создание "Debug\Kursovik_win.unsuccessfulbuild", так как было задано "AlwaysCreate".
       ClCompile:
         C:\Program Files (x86)\Microsoft Visual Studio 10.0\VC\bin\CL.exe /c /ZI /nologo /W3 /WX- /Od /Oy- /D WIN32 /D _DEBUG /D _WINDOWS /D _UNICODE /D UNICODE /Gm /EHsc /RTC1 /MDd /GS /fp:precise /Zc:wchar_t /Zc:forScope /Fo"Debug\\" /Fd"Debug\vc100.pdb" /Gd /TP /analyze- /errorReport:prompt main.cpp
         main.cpp
     1>c:\users\asus\documents\visual studio 2010\projects\kursovik_win\kursovik_win\main.cpp(509): warning C4996: 'fopen': This function or variable may be unsafe. Consider using fopen_s instead. To disable deprecation, use _CRT_SECURE_NO_WARNINGS. See online help for details.
                 c:\program files (x86)\microsoft visual studio 10.0\vc\include\stdio.h(234): см. объявление "fopen"
     1>c:\users\asus\documents\visual studio 2010\projects\kursovik_win\kursovik_win\main.cpp(541): warning C4996: 'fopen': This function or variable may be unsafe. Consider using fopen_s instead. To disable deprecation, use _CRT_SECURE_NO_WARNINGS. See online help for details.
                 c:\program files (x86)\microsoft visual studio 10.0\vc\include\stdio.h(234): см. объявление "fopen"
     1>c:\users\asus\documents\visual studio 2010\projects\kursovik_win\kursovik_win\main.cpp(678): warning C4244: аргумент: преобразование "double" в "int", возможна потеря данных
     1>c:\users\asus\documents\visual studio 2010\projects\kursovik_win\kursovik_win\main.cpp(678): warning C4244: аргумент: преобразование "double" в "int", возможна потеря данных
     1>c:\users\asus\documents\visual studio 2010\projects\kursovik_win\kursovik_win\main.cpp(678): warning C4244: аргумент: преобразование "double" в "int", возможна потеря данных
     1>c:\users\asus\documents\visual studio 2010\projects\kursovik_win\kursovik_win\main.cpp(678): warning C4244: аргумент: преобразование "double" в "int", возможна потеря данных
     1>c:\users\asus\documents\visual studio 2010\projects\kursovik_win\kursovik_win\main.cpp(679): warning C4244: аргумент: преобразование "double" в "int", возможна потеря данных
     1>c:\users\asus\documents\visual studio 2010\projects\kursovik_win\kursovik_win\main.cpp(679): warning C4244: аргумент: преобразование "double" в "int", возможна потеря данных
     1>c:\users\asus\documents\visual studio 2010\projects\kursovik_win\kursovik_win\main.cpp(680): warning C4244: аргумент: преобразование "double" в "int", возможна потеря данных
     1>c:\users\asus\documents\visual studio 2010\projects\kursovik_win\kursovik_win\main.cpp(680): warning C4244: аргумент: преобразование "double" в "int", возможна потеря данных
     1>c:\users\asus\documents\visual studio 2010\projects\kursovik_win\kursovik_win\main.cpp(681): warning C4244: аргумент: преобразование "double" в "int", возможна потеря данных
     1>c:\users\asus\documents\visual studio 2010\projects\kursovik_win\kursovik_win\main.cpp(681): warning C4244: аргумент: преобразование "double" в "int", возможна потеря данных
     1>c:\users\asus\documents\visual studio 2010\projects\kursovik_win\kursovik_win\main.cpp(681): warning C4244: аргумент: преобразование "double" в "int", возможна потеря данных
     1>c:\users\asus\documents\visual studio 2010\projects\kursovik_win\kursovik_win\main.cpp(681): warning C4244: аргумент: преобразование "double" в "int", возможна потеря данных
     1>c:\users\asus\documents\visual studio 2010\projects\kursovik_win\kursovik_win\main.cpp(682): warning C4244: аргумент: преобразование "double" в "int", возможна потеря данных
     1>c:\users\asus\documents\visual studio 2010\projects\kursovik_win\kursovik_win\main.cpp(682): warning C4244: аргумент: преобразование "double" в "int", возможна потеря данных
     1>c:\users\asus\documents\visual studio 2010\projects\kursovik_win\kursovik_win\main.cpp(683): warning C4244: аргумент: преобразование "double" в "int", возможна потеря данных
     1>c:\users\asus\documents\visual studio 2010\projects\kursovik_win\kursovik_win\main.cpp(683): warning C4244: аргумент: преобразование "double" в "int", возможна потеря данных
     1>c:\users\asus\documents\visual studio 2010\projects\kursovik_win\kursovik_win\main.cpp(685): warning C4244: аргумент: преобразование "double" в "int", возможна потеря данных
     1>c:\users\asus\documents\visual studio 2010\projects\kursovik_win\kursovik_win\main.cpp(685): warning C4244: аргумент: преобразование "double" в "int", возможна потеря данных
     1>c:\users\asus\documents\visual studio 2010\projects\kursovik_win\kursovik_win\main.cpp(686): warning C4244: аргумент: преобразование "double" в "int", возможна потеря данных
     1>c:\users\asus\documents\visual studio 2010\projects\kursovik_win\kursovik_win\main.cpp(686): warning C4244: аргумент: преобразование "double" в "int", возможна потеря данных
     1>c:\users\asus\documents\visual studio 2010\projects\kursovik_win\kursovik_win\main.cpp(687): warning C4244: аргумент: преобразование "double" в "int", возможна потеря данных
     1>c:\users\asus\documents\visual studio 2010\projects\kursovik_win\kursovik_win\main.cpp(687): warning C4244: аргумент: преобразование "double" в "int", возможна потеря данных
     1>c:\users\asus\documents\visual studio 2010\projects\kursovik_win\kursovik_win\main.cpp(688): warning C4244: аргумент: преобразование "double" в "int", возможна потеря данных
     1>c:\users\asus\documents\visual studio 2010\projects\kursovik_win\kursovik_win\main.cpp(688): warning C4244: аргумент: преобразование "double" в "int", возможна потеря данных
     1>c:\users\asus\documents\visual studio 2010\projects\kursovik_win\kursovik_win\main.cpp(689): warning C4244: аргумент: преобразование "double" в "int", возможна потеря данных
     1>c:\users\asus\documents\visual studio 2010\projects\kursovik_win\kursovik_win\main.cpp(689): warning C4244: аргумент: преобразование "double" в "int", возможна потеря данных
     1>c:\users\asus\documents\visual studio 2010\projects\kursovik_win\kursovik_win\main.cpp(690): warning C4244: аргумент: преобразование "double" в "int", возможна потеря данных
     1>c:\users\asus\documents\visual studio 2010\projects\kursovik_win\kursovik_win\main.cpp(690): warning C4244: аргумент: преобразование "double" в "int", возможна потеря данных
     1>c:\users\asus\documents\visual studio 2010\projects\kursovik_win\kursovik_win\main.cpp(691): warning C4244: аргумент: преобразование "double" в "int", возможна потеря данных
     1>c:\users\asus\documents\visual studio 2010\projects\kursovik_win\kursovik_win\main.cpp(691): warning C4244: аргумент: преобразование "double" в "int", возможна потеря данных
     1>c:\users\asus\documents\visual studio 2010\projects\kursovik_win\kursovik_win\main.cpp(692): warning C4244: аргумент: преобразование "double" в "int", возможна потеря данных
     1>c:\users\asus\documents\visual studio 2010\projects\kursovik_win\kursovik_win\main.cpp(692): warning C4244: аргумент: преобразование "double" в "int", возможна потеря данных
     1>c:\users\asus\documents\visual studio 2010\projects\kursovik_win\kursovik_win\main.cpp(693): warning C4244: аргумент: преобразование "double" в "int", возможна потеря данных
     1>c:\users\asus\documents\visual studio 2010\projects\kursovik_win\kursovik_win\main.cpp(693): warning C4244: аргумент: преобразование "double" в "int", возможна потеря данных
     1>c:\users\asus\documents\visual studio 2010\projects\kursovik_win\kursovik_win\main.cpp(694): warning C4244: аргумент: преобразование "double" в "int", возможна потеря данных
     1>c:\users\asus\documents\visual studio 2010\projects\kursovik_win\kursovik_win\main.cpp(694): warning C4244: аргумент: преобразование "double" в "int", возможна потеря данных
     1>c:\users\asus\documents\visual studio 2010\projects\kursovik_win\kursovik_win\main.cpp(695): warning C4244: аргумент: преобразование "double" в "int", возможна потеря данных
     1>c:\users\asus\documents\visual studio 2010\projects\kursovik_win\kursovik_win\main.cpp(695): warning C4244: аргумент: преобразование "double" в "int", возможна потеря данных
     1>c:\users\asus\documents\visual studio 2010\projects\kursovik_win\kursovik_win\main.cpp(696): warning C4244: аргумент: преобразование "double" в "int", возможна потеря данных
     1>c:\users\asus\documents\visual studio 2010\projects\kursovik_win\kursovik_win\main.cpp(696): warning C4244: аргумент: преобразование "double" в "int", возможна потеря данных
     1>c:\users\asus\documents\visual studio 2010\projects\kursovik_win\kursovik_win\main.cpp(697): warning C4244: аргумент: преобразование "double" в "int", возможна потеря данных
     1>c:\users\asus\documents\visual studio 2010\projects\kursovik_win\kursovik_win\main.cpp(697): warning C4244: аргумент: преобразование "double" в "int", возможна потеря данных
     1>c:\users\asus\documents\visual studio 2010\projects\kursovik_win\kursovik_win\main.cpp(698): warning C4244: аргумент: преобразование "double" в "int", возможна потеря данных
     1>c:\users\asus\documents\visual studio 2010\projects\kursovik_win\kursovik_win\main.cpp(698): warning C4244: аргумент: преобразование "double" в "int", возможна потеря данных
     1>c:\users\asus\documents\visual studio 2010\projects\kursovik_win\kursovik_win\main.cpp(704): warning C4244: аргумент: преобразование "double" в "int", возможна потеря данных
     1>c:\users\asus\documents\visual studio 2010\projects\kursovik_win\kursovik_win\main.cpp(704): warning C4244: аргумент: преобразование "double" в "int", возможна потеря данных
     1>c:\users\asus\documents\visual studio 2010\projects\kursovik_win\kursovik_win\main.cpp(704): warning C4244: аргумент: преобразование "double" в "int", возможна потеря данных
     1>c:\users\asus\documents\visual studio 2010\projects\kursovik_win\kursovik_win\main.cpp(704): warning C4244: аргумент: преобразование "double" в "int", возможна потеря данных
     1>c:\users\asus\documents\visual studio 2010\projects\kursovik_win\kursovik_win\main.cpp(711): warning C4244: аргумент: преобразование "double" в "int", возможна потеря данных
     1>c:\users\asus\documents\visual studio 2010\projects\kursovik_win\kursovik_win\main.cpp(711): warning C4244: аргумент: преобразование "double" в "int", возможна потеря данных
     1>c:\users\asus\documents\visual studio 2010\projects\kursovik_win\kursovik_win\main.cpp(713): warning C4244: аргумент: преобразование "double" в "int", возможна потеря данных
     1>c:\users\asus\documents\visual studio 2010\projects\kursovik_win\kursovik_win\main.cpp(713): warning C4244: аргумент: преобразование "double" в "int", возможна потеря данных
     1>c:\users\asus\documents\visual studio 2010\projects\kursovik_win\kursovik_win\main.cpp(486): warning C4101: pieY: неиспользованная локальная переменная
     1>c:\users\asus\documents\visual studio 2010\projects\kursovik_win\kursovik_win\main.cpp(486): warning C4101: alpha: неиспользованная локальная переменная
     1>c:\users\asus\documents\visual studio 2010\projects\kursovik_win\kursovik_win\main.cpp(484): warning C4101: dy: неиспользованная локальная переменная
     1>c:\users\asus\documents\visual studio 2010\projects\kursovik_win\kursovik_win\main.cpp(475): warning C4101: ps: неиспользованная локальная переменная
     1>c:\users\asus\documents\visual studio 2010\projects\kursovik_win\kursovik_win\main.cpp(483): warning C4101: xPos: неиспользованная локальная переменная
     1>c:\users\asus\documents\visual studio 2010\projects\kursovik_win\kursovik_win\main.cpp(486): warning C4101: pieX: неиспользованная локальная переменная
     1>c:\users\asus\documents\visual studio 2010\projects\kursovik_win\kursovik_win\main.cpp(474): warning C4101: wmId: неиспользованная локальная переменная
     1>c:\users\asus\documents\visual studio 2010\projects\kursovik_win\kursovik_win\main.cpp(483): warning C4101: yPos: неиспользованная локальная переменная
     1>c:\users\asus\documents\visual studio 2010\projects\kursovik_win\kursovik_win\main.cpp(474): warning C4101: wmEvent: неиспользованная локальная переменная
     1>c:\users\asus\documents\visual studio 2010\projects\kursovik_win\kursovik_win\main.cpp(487): warning C4101: r: неиспользованная локальная переменная
     1>c:\users\asus\documents\visual studio 2010\projects\kursovik_win\kursovik_win\main.cpp(484): warning C4101: dx: неиспользованная локальная переменная
     1>c:\users\asus\documents\visual studio 2010\projects\kursovik_win\kursovik_win\main.cpp(476): warning C4101: hdc: неиспользованная локальная переменная
       ManifestResourceCompile:
         Для всех выходных данных обновления не требуется.
       Link:
         C:\Program Files (x86)\Microsoft Visual Studio 10.0\VC\bin\link.exe /ERRORREPORT:PROMPT /OUT:"C:\Users\asus\Documents\Visual Studio 2010\Projects\Kursovik_win\Debug\Kursovik_win.exe" /INCREMENTAL /NOLOGO kernel32.lib user32.lib gdi32.lib winspool.lib comdlg32.lib advapi32.lib shell32.lib ole32.lib oleaut32.lib uuid.lib odbc32.lib odbccp32.lib /MANIFEST /ManifestFile:"Debug\Kursovik_win.exe.intermediate.manifest" /MANIFESTUAC:"level='asInvoker' uiAccess='false'" /DEBUG /PDB:"C:\Users\asus\Documents\Visual Studio 2010\Projects\Kursovik_win\Debug\Kursovik_win.pdb" /SUBSYSTEM:WINDOWS /TLBID:1 /DYNAMICBASE /NXCOMPAT /IMPLIB:"C:\Users\asus\Documents\Visual Studio 2010\Projects\Kursovik_win\Debug\Kursovik_win.lib" /MACHINE:X86 Debug\Kursovik_win.exe.embed.manifest.res
         Debug\main.obj
       Manifest:
         C:\Program Files (x86)\Microsoft SDKs\Windows\v7.0A\bin\mt.exe /nologo /verbose /out:"Debug\Kursovik_win.exe.embed.manifest" /manifest Debug\Kursovik_win.exe.intermediate.manifest
         Для всех выходных данных обновления не требуется.
       LinkEmbedManifest:
         Для всех выходных данных обновления не требуется.
         Kursovik_win.vcxproj -> C:\Users\asus\Documents\Visual Studio 2010\Projects\Kursovik_win\Debug\Kursovik_win.exe
       FinalizeBuildStatus:
         Файл "Debug\Kursovik_win.unsuccessfulbuild" удаляется.
         Обращение к "Debug\Kursovik_win.lastbuildstate".
     1>Построение проекта "C:\Users\asus\Documents\Visual Studio 2010\Projects\Kursovik_win\Kursovik_win\Kursovik_win.vcxproj" завершено (целевые объекты build).

Построение успешно завершено.

Затраченное время: 00:00:00.96
